[13-Sep-2024 17:32:18 UTC] PHP Warning:  include(header.php): Failed to open stream: No such file or directory in C:\Users\stefi\Local Sites\ploianu-stefan\app\public\demo\contact.php on line 15
[13-Sep-2024 17:32:18 UTC] PHP Warning:  include(): Failed opening 'header.php' for inclusion (include_path='.:/usr/share/php:/www/wp-content/pear') in C:\Users\stefi\Local Sites\ploianu-stefan\app\public\demo\contact.php on line 15
[13-Sep-2024 17:33:42 UTC] PHP Fatal error:  Uncaught Error: Undefined constant "Logo" in C:\Users\stefi\Local Sites\ploianu-stefan\app\public\demo\includes\footer.php:1
Stack trace:
#0 C:\Users\stefi\Local Sites\ploianu-stefan\app\public\demo\contact.php(25): include()
#1 {main}
  thrown in C:\Users\stefi\Local Sites\ploianu-stefan\app\public\demo\includes\footer.php on line 1
[13-Sep-2024 17:41:53 UTC] PHP Warning:  Undefined array key "id" in C:\Users\stefi\Local Sites\ploianu-stefan\app\public\demo\movies.php on line 23
[13-Sep-2024 17:41:53 UTC] PHP Warning:  Undefined array key "id" in C:\Users\stefi\Local Sites\ploianu-stefan\app\public\demo\movies.php on line 23
[13-Sep-2024 17:41:53 UTC] PHP Warning:  Undefined array key "id" in C:\Users\stefi\Local Sites\ploianu-stefan\app\public\demo\movies.php on line 23
[13-Sep-2024 17:42:42 UTC] PHP Warning:  Undefined array key "id" in C:\Users\stefi\Local Sites\ploianu-stefan\app\public\demo\movies.php on line 23
[13-Sep-2024 17:42:42 UTC] PHP Warning:  Undefined array key "id" in C:\Users\stefi\Local Sites\ploianu-stefan\app\public\demo\movies.php on line 23
[13-Sep-2024 17:42:42 UTC] PHP Warning:  Undefined array key "id" in C:\Users\stefi\Local Sites\ploianu-stefan\app\public\demo\movies.php on line 23
[13-Sep-2024 17:50:28 UTC] PHP Parse error:  syntax error, unexpected single-quoted string "Adrift in space with no food o...", expecting "]" in C:\Users\stefi\Local Sites\ploianu-stefan\app\public\demo\includes\header.php on line 8
[13-Sep-2024 17:52:26 UTC] PHP Parse error:  syntax error, unexpected identifier "runtime_prettier", expecting "]" in C:\Users\stefi\Local Sites\ploianu-stefan\app\public\demo\includes\header.php on line 7
[13-Sep-2024 17:53:38 UTC] PHP Fatal error:  Cannot redeclare runtime_prettier() (previously declared in C:\Users\stefi\Local Sites\ploianu-stefan\app\public\demo\includes\functions.php:3) in C:\Users\stefi\Local Sites\ploianu-stefan\app\public\demo\includes\functions.php on line 3
[13-Sep-2024 17:55:47 UTC] PHP Fatal error:  Uncaught TypeError: Unsupported operand types: string + string in C:\Users\stefi\Local Sites\ploianu-stefan\app\public\demo\includes\header.php:7
Stack trace:
#0 C:\Users\stefi\Local Sites\ploianu-stefan\app\public\demo\movies.php(15): include()
#1 {main}
  thrown in C:\Users\stefi\Local Sites\ploianu-stefan\app\public\demo\includes\header.php on line 7
[13-Sep-2024 17:57:10 UTC] PHP Fatal error:  Cannot redeclare runtime_prettier() (previously declared in C:\Users\stefi\Local Sites\ploianu-stefan\app\public\demo\includes\functions.php:3) in C:\Users\stefi\Local Sites\ploianu-stefan\app\public\demo\includes\functions.php on line 3
[13-Sep-2024 18:02:20 UTC] PHP Fatal error:  Cannot redeclare runtime_prettier() (previously declared in C:\Users\stefi\Local Sites\ploianu-stefan\app\public\demo\includes\functions.php:3) in C:\Users\stefi\Local Sites\ploianu-stefan\app\public\demo\includes\functions.php on line 3
[13-Sep-2024 18:02:23 UTC] PHP Fatal error:  Cannot redeclare runtime_prettier() (previously declared in C:\Users\stefi\Local Sites\ploianu-stefan\app\public\demo\includes\functions.php:3) in C:\Users\stefi\Local Sites\ploianu-stefan\app\public\demo\includes\functions.php on line 3
[13-Sep-2024 18:07:40 UTC] PHP Fatal error:  Cannot redeclare runtime_prettier() (previously declared in C:\Users\stefi\Local Sites\ploianu-stefan\app\public\demo\includes\functions.php:3) in C:\Users\stefi\Local Sites\ploianu-stefan\app\public\demo\includes\functions.php on line 3
[13-Sep-2024 18:23:34 UTC] PHP Warning:  Constant Logo already defined in C:\Users\stefi\Local Sites\ploianu-stefan\app\public\demo\includes\footer.php on line 1
[13-Sep-2024 18:23:51 UTC] PHP Fatal error:  Uncaught Error: Undefined constant "Logo" in C:\Users\stefi\Local Sites\ploianu-stefan\app\public\demo\includes\header.php:41
Stack trace:
#0 C:\Users\stefi\Local Sites\ploianu-stefan\app\public\demo\movie-2.php(15): include()
#1 {main}
  thrown in C:\Users\stefi\Local Sites\ploianu-stefan\app\public\demo\includes\header.php on line 41
[13-Sep-2024 18:24:14 UTC] PHP Fatal error:  Uncaught Error: Undefined constant "Logo" in C:\Users\stefi\Local Sites\ploianu-stefan\app\public\demo\includes\header.php:41
Stack trace:
#0 C:\Users\stefi\Local Sites\ploianu-stefan\app\public\demo\movie-2.php(15): include()
#1 {main}
  thrown in C:\Users\stefi\Local Sites\ploianu-stefan\app\public\demo\includes\header.php on line 41
[14-Sep-2024 07:43:08 UTC] PHP Warning:  Undefined variable $movies in C:\Users\stefi\Local Sites\ploianu-stefan\app\public\demo\includes\archive-movies.php on line 2
[14-Sep-2024 07:43:08 UTC] PHP Warning:  foreach() argument must be of type array|object, null given in C:\Users\stefi\Local Sites\ploianu-stefan\app\public\demo\includes\archive-movies.php on line 2
[14-Sep-2024 08:12:13 UTC] PHP Parse error:  syntax error, unexpected token "/" in C:\Users\stefi\Local Sites\ploianu-stefan\app\public\demo\index.php on line 17
